TN:
SF:/home/yanni/Desktop/CrashIO/introductory_module/harness/afl_harness.cpp
FN:32,43,_ZL14read_all_stdinv
FN:45,58,main
FNDA:4,_ZL14read_all_stdinv
FNDA:4,main
FNF:2
FNH:2
DA:32,4
DA:33,4
DA:34,4
DA:37,4
DA:38,4
DA:39,4
DA:40,4
DA:42,4
DA:43,4
DA:45,4
DA:54,4
DA:55,4
DA:56,4
DA:58,4
LF:14
LH:14
end_of_record
TN:
SF:/home/yanni/Desktop/CrashIO/introductory_module/target/parser_lib.cpp
FN:13,17,_ZN7crashio5intro12_GLOBAL__N_110has_prefixEPKhmPKc
FN:19,20,_ZN7crashio5intro12_GLOBAL__N_111read_u16_leEPKh
FN:23,25,_ZN7crashio5intro12_GLOBAL__N_111read_u32_leEPKh
FN:28,29,_ZN7crashio5intro12_GLOBAL__N_118is_printable_asciiEh
FN:48,161,_ZN7crashio5intro13parse_messageEPKhm
FNDA:4,_ZN7crashio5intro12_GLOBAL__N_110has_prefixEPKhmPKc
FNDA:10,_ZN7crashio5intro12_GLOBAL__N_111read_u16_leEPKh
FNDA:2,_ZN7crashio5intro12_GLOBAL__N_111read_u32_leEPKh
FNDA:10,_ZN7crashio5intro12_GLOBAL__N_118is_printable_asciiEh
FNDA:4,_ZN7crashio5intro13parse_messageEPKhm
FNF:5
FNH:5
DA:13,4
DA:14,4
DA:15,4
DA:16,4
DA:17,4
DA:19,10
DA:20,10
DA:23,2
DA:24,6
DA:25,4
DA:28,10
DA:29,10
DA:48,4
DA:49,4
DA:50,4
DA:51,4
DA:53,4
DA:54,4
DA:56,4
DA:57,4
DA:60,4
DA:62,4
DA:63,4
DA:66,4
DA:67,4
DA:69,10
DA:70,6
DA:71,6
DA:72,6
DA:73,6
DA:75,6
DA:76,6
DA:77,6
DA:79,6
DA:82,3
DA:83,3
DA:84,13
DA:85,10
DA:86,10
DA:88,3
DA:89,3
DA:92,3
DA:96,1
DA:98,1
DA:99,1
DA:101,3
DA:104,2
DA:105,2
DA:106,2
DA:109,2
DA:110,0
DA:114,2
DA:115,0
DA:118,2
DA:123,1
DA:124,1
DA:125,1
DA:126,1
DA:131,1
DA:132,0
DA:133,0
DA:134,0
DA:135,0
DA:136,0
DA:139,4
DA:140,3
DA:141,3
DA:142,3
DA:143,3
DA:146,1
DA:149,0
DA:150,0
DA:152,6
DA:155,4
DA:157,0
DA:160,4
DA:161,4
LF:77
LH:67
end_of_record
